Vivado Simulator 2016.2
Copyright 1986-1999, 2001-2016 Xilinx, Inc. All Rights Reserved.
Running: C:/Xilinx/Vivado/2016.2/bin/unwrapped/win64.o/xelab.exe -wto 3087a618c45246d1aad05274e4887396 --debug typical --relax --mt 2 -L dist_mem_gen_v8_0_10 -L xil_defaultlib -L unisims_ver -L unimacro_ver -L secureip --snapshot test_behav xil_defaultlib.test xil_defaultlib.glbl -log elaborate.log 
Using 2 slave threads.
Starting static elaboration
WARNING: [VRFC 10-278] actual bit length 32 differs from formal bit length 8 for port a [D:/study/COD/lab/lab5/lab5/lab5.srcs/sources_1/new/top.v:63]
WARNING: [VRFC 10-278] actual bit length 32 differs from formal bit length 8 for port dpra [D:/study/COD/lab/lab5/lab5/lab5.srcs/sources_1/new/top.v:65]
WARNING: [VRFC 10-278] actual bit length 5 differs from formal bit length 6 for port rAddr1 [D:/study/COD/lab/lab5/lab5/lab5.srcs/sources_1/new/top.v:89]
WARNING: [VRFC 10-278] actual bit length 5 differs from formal bit length 6 for port rAddr2 [D:/study/COD/lab/lab5/lab5/lab5.srcs/sources_1/new/top.v:90]
WARNING: [VRFC 10-278] actual bit length 32 differs from formal bit length 6 for port wAddr [D:/study/COD/lab/lab5/lab5/lab5.srcs/sources_1/new/top.v:93]
Completed static elaboration
Starting simulation data flow analysis
Completed simulation data flow analysis
Time Resolution for simulation is 1ps
Compiling module dist_mem_gen_v8_0_10.dist_mem_gen_v8_0_10(C_FAMILY="a...
Compiling module xil_defaultlib.ins_mem
Compiling module dist_mem_gen_v8_0_10.dist_mem_gen_v8_0_10(C_FAMILY="a...
Compiling module xil_defaultlib.data_mem
Compiling module xil_defaultlib.REG_FILE
Compiling module xil_defaultlib.ALU
Compiling module xil_defaultlib.control
Compiling module xil_defaultlib.top
Compiling module xil_defaultlib.test
Compiling module xil_defaultlib.glbl
Built simulation snapshot test_behav
